2025-06-14 14:07:43,293 - Robo P criado com F=4, E=73, V=4
2025-06-14 14:07:57,156 - Robo P criado com F=1, E=59, V=5
2025-06-16 00:21:02,175 - Robo P criado com F=4, E=37, V=3
2025-06-16 00:21:02,203 - Robo Jogador P posicionado em (0, 0)
2025-06-16 00:21:03,210 - Robo P energia restante: 36
2025-06-16 00:21:04,212 - Robo P energia restante: 35
2025-06-16 00:21:05,214 - Robo P energia restante: 34
2025-06-16 00:21:06,220 - Robo P energia restante: 33
2025-06-16 00:21:07,225 - Robo P energia restante: 32
2025-06-16 00:21:08,228 - Robo P energia restante: 31
2025-06-16 00:21:09,231 - Robo P energia restante: 30
2025-06-16 00:21:10,235 - Robo P energia restante: 29
2025-06-16 00:21:11,240 - Robo P energia restante: 28
2025-06-16 00:21:12,244 - Robo P energia restante: 27
2025-06-16 00:21:13,246 - Robo P energia restante: 26
2025-06-16 00:21:14,248 - Robo P energia restante: 25
2025-06-16 00:21:14,536 - Robo P moveu de (0, 0) para (0, 1). Energia: 24
2025-06-16 00:21:14,798 - Robo P moveu de (0, 1) para (-1, 1). Energia: 23
2025-06-16 00:21:15,196 - Robo P moveu de (-1, 1) para (-1, 0). Energia: 22
2025-06-16 00:21:15,252 - Robo P energia restante: 21
2025-06-16 00:21:15,484 - Robo P moveu de (-1, 0) para (-1, -1). Energia: 20
2025-06-16 00:21:15,769 - Robo P moveu de (-1, -1) para (-1, -2). Energia: 19
2025-06-16 00:21:16,255 - Robo P energia restante: 18
2025-06-16 00:21:17,258 - Robo P energia restante: 17
2025-06-16 00:21:18,260 - Robo P energia restante: 16
2025-06-16 00:21:19,263 - Robo P energia restante: 15
2025-06-16 00:21:20,265 - Robo P energia restante: 14
2025-06-16 00:21:21,268 - Robo P energia restante: 13
2025-06-16 00:21:22,272 - Robo P energia restante: 12
2025-06-16 00:21:23,275 - Robo P energia restante: 11
2025-06-16 00:21:24,277 - Robo P energia restante: 10
2025-06-16 00:21:25,281 - Robo P energia restante: 9
2025-06-16 00:21:26,284 - Robo P energia restante: 8
2025-06-16 00:21:27,287 - Robo P energia restante: 7
2025-06-16 00:21:28,291 - Robo P energia restante: 6
2025-06-16 00:21:29,295 - Robo P energia restante: 5
2025-06-16 00:21:30,299 - Robo P energia restante: 4
2025-06-16 00:21:31,302 - Robo P energia restante: 3
2025-06-16 00:21:32,306 - Robo P energia restante: 2
2025-06-16 00:21:33,308 - Robo P energia restante: 1
2025-06-16 00:21:34,311 - Robo P energia restante: 0
2025-06-16 00:21:34,317 - Robo P morreu por falta de energia.
2025-06-16 00:22:07,849 - Robo P criado com F=10, E=27, V=1
2025-06-16 00:22:07,884 - Robo Jogador P posicionado em (0, 0)
2025-06-16 00:22:08,889 - Robo P energia restante: 26
2025-06-16 00:22:09,892 - Robo P energia restante: 25
2025-06-16 00:22:10,895 - Robo P energia restante: 24
2025-06-16 00:22:11,898 - Robo P energia restante: 23
2025-06-16 00:22:12,902 - Robo P energia restante: 22
2025-06-16 00:22:13,905 - Robo P energia restante: 21
2025-06-16 00:22:14,907 - Robo P energia restante: 20
2025-06-16 00:22:15,910 - Robo P energia restante: 19
2025-06-16 00:22:16,914 - Robo P energia restante: 18
2025-06-16 00:22:17,919 - Robo P energia restante: 17
2025-06-16 00:22:18,921 - Robo P energia restante: 16
2025-06-16 00:22:19,925 - Robo P energia restante: 15
2025-06-16 00:22:20,927 - Robo P energia restante: 14
2025-06-16 00:22:21,930 - Robo P energia restante: 13
2025-06-16 00:22:22,418 - Robo Jogador encerrado pelo usuário.
2025-06-16 00:25:00,120 - Robo P criado com F=7, E=52, V=3
2025-06-16 00:25:00,154 - Robo Jogador P posicionado em (0, 0)
2025-06-16 00:25:01,159 - Robo P energia restante: 51
2025-06-16 00:25:02,163 - Robo P energia restante: 50
2025-06-16 00:25:03,166 - Robo P energia restante: 49
2025-06-16 00:25:04,169 - Robo P energia restante: 48
2025-06-16 00:25:04,983 - Robo P moveu de (0, 0) para (-1, 0). Energia: 47
2025-06-16 00:25:05,173 - Robo P energia restante: 46
2025-06-16 00:25:05,303 - Robo P moveu de (-1, 0) para (-1, 1). Energia: 45
2025-06-16 00:25:05,935 - Robo P moveu de (-1, 1) para (-2, 1). Energia: 44
2025-06-16 00:25:06,177 - Robo P energia restante: 43
2025-06-16 00:25:06,217 - Robo P moveu de (-2, 1) para (-2, 2). Energia: 42
2025-06-16 00:25:07,180 - Robo P energia restante: 41
2025-06-16 00:25:07,255 - Robo P moveu de (-2, 2) para (-3, 2). Energia: 40
2025-06-16 00:25:07,548 - Robo P moveu de (-3, 2) para (-3, 1). Energia: 39
2025-06-16 00:25:07,847 - Robo P moveu de (-3, 1) para (-3, 2). Energia: 38
2025-06-16 00:25:08,132 - Robo P moveu de (-3, 2) para (-3, 3). Energia: 37
2025-06-16 00:25:08,184 - Robo P energia restante: 36
2025-06-16 00:25:08,523 - Robo P moveu de (-3, 3) para (-3, 2). Energia: 35
2025-06-16 00:25:08,926 - Robo P moveu de (-3, 2) para (-3, 1). Energia: 34
2025-06-16 00:25:09,188 - Robo P energia restante: 33
2025-06-16 00:25:09,208 - Robo P moveu de (-3, 1) para (-4, 1). Energia: 32
2025-06-16 00:25:09,842 - Robo P moveu de (-4, 1) para (-4, 2). Energia: 31
2025-06-16 00:25:10,121 - Robo P moveu de (-4, 2) para (-3, 2). Energia: 30
2025-06-16 00:25:10,190 - Robo P energia restante: 29
2025-06-16 00:25:11,193 - Robo P energia restante: 28
2025-06-16 00:25:12,195 - Robo P energia restante: 27
2025-06-16 00:25:13,199 - Robo P energia restante: 26
2025-06-16 00:25:14,203 - Robo P energia restante: 25
2025-06-16 00:25:15,207 - Robo P energia restante: 24
2025-06-16 00:25:16,213 - Robo P energia restante: 23
2025-06-16 00:25:17,216 - Robo P energia restante: 22
2025-06-16 00:25:18,219 - Robo P energia restante: 21
2025-06-16 00:25:19,223 - Robo P energia restante: 20
2025-06-16 00:25:20,226 - Robo P energia restante: 19
2025-06-16 00:25:21,227 - Robo P energia restante: 18
2025-06-16 00:25:22,230 - Robo P energia restante: 17
2025-06-16 00:25:23,234 - Robo P energia restante: 16
2025-06-16 00:25:24,238 - Robo P energia restante: 15
2025-06-16 00:25:25,241 - Robo P energia restante: 14
2025-06-16 00:25:26,249 - Robo P energia restante: 13
2025-06-16 00:25:27,251 - Robo P energia restante: 12
2025-06-16 00:25:28,255 - Robo P energia restante: 11
2025-06-16 00:25:29,259 - Robo P energia restante: 10
2025-06-16 00:25:30,267 - Robo P energia restante: 9
2025-06-16 00:25:31,269 - Robo P energia restante: 8
2025-06-16 00:25:32,272 - Robo P energia restante: 7
2025-06-16 00:25:33,274 - Robo P energia restante: 6
2025-06-16 00:25:34,276 - Robo P energia restante: 5
2025-06-16 00:25:35,280 - Robo P energia restante: 4
2025-06-16 00:25:36,283 - Robo P energia restante: 3
2025-06-16 00:25:37,288 - Robo P energia restante: 2
2025-06-16 00:25:38,291 - Robo P energia restante: 1
2025-06-16 00:25:39,293 - Robo P energia restante: 0
2025-06-16 00:25:39,410 - Robo P morreu por falta de energia.
