2025-06-13 23:13:23,002 - Robo A criado com F=4, E=93, V=1
2025-06-13 23:14:28,902 - Robo A criado com F=8, E=89, V=3
2025-06-13 23:23:48,659 - Robo A criado com F=9, E=50, V=2
2025-06-13 23:24:14,552 - Robo A criado com F=3, E=51, V=3
2025-06-13 23:28:32,529 - Robo A criado com F=4, E=35, V=1
2025-06-13 23:30:34,194 - Robo A criado com F=6, E=44, V=4
2025-06-13 23:31:15,879 - Robo A criado com F=8, E=16, V=2
2025-06-13 23:31:42,465 - Robo A criado com F=7, E=46, V=1
2025-06-13 23:32:08,424 - Robo A criado com F=3, E=87, V=1
2025-06-13 23:33:50,153 - Robo A criado com F=9, E=56, V=2
2025-06-15 18:30:14,863 - Robo A criado com F=10, E=17, V=5
2025-06-15 18:30:15,899 - Robo A energia restante: 16
2025-06-15 18:30:16,552 - Robo A moveu de (1, 0) para (2, 0)
2025-06-15 18:30:16,901 - Robo A energia restante: 15
2025-06-15 18:30:17,903 - Robo A energia restante: 14
2025-06-15 18:30:18,702 - Robo A moveu de (2, 0) para (7, 0)
2025-06-15 18:30:18,905 - Robo A energia restante: 13
2025-06-15 18:30:19,408 - Robo A moveu de (7, 0) para (7, 3)
2025-06-15 18:30:19,906 - Robo A energia restante: 12
2025-06-15 18:30:20,152 - Robo A moveu de (7, 3) para (7, 7)
2025-06-15 18:30:20,879 - Robo A moveu de (7, 7) para (7, 6)
2025-06-15 18:30:20,907 - Robo A energia restante: 11
2025-06-15 18:30:21,601 - Robo A moveu de (7, 6) para (7, 1)
2025-06-15 18:30:21,909 - Robo A energia restante: 10
2025-06-15 18:30:22,316 - Robo A moveu de (7, 1) para (7, 3)
2025-06-15 18:30:22,910 - Robo A energia restante: 9
2025-06-15 18:30:23,031 - Robo A moveu de (7, 3) para (8, 3)
2025-06-15 18:30:23,738 - Robo A moveu de (8, 3) para (5, 3)
2025-06-15 18:30:23,911 - Robo A energia restante: 8
2025-06-15 18:30:24,913 - Robo A energia restante: 7
2025-06-15 18:30:25,169 - Robo A moveu de (5, 3) para (5, 7)
2025-06-15 18:30:25,875 - Robo A moveu de (5, 7) para (5, 12)
2025-06-15 18:30:25,914 - Robo A energia restante: 6
2025-06-15 18:30:26,598 - Robo A moveu de (5, 12) para (5, 13)
2025-06-15 18:30:26,915 - Robo A energia restante: 5
2025-06-15 18:30:27,322 - Robo A moveu de (5, 13) para (6, 13)
2025-06-15 18:30:27,916 - Robo A energia restante: 4
2025-06-15 18:30:28,041 - Robo A moveu de (6, 13) para (11, 13)
2025-06-15 18:30:28,760 - Robo A moveu de (11, 13) para (12, 13)
2025-06-15 18:30:28,917 - Robo A energia restante: 3
2025-06-15 18:30:29,473 - Robo A moveu de (12, 13) para (15, 13)
2025-06-15 18:30:29,918 - Robo A energia restante: 2
2025-06-15 18:30:30,181 - Robo A moveu de (15, 13) para (15, 11)
2025-06-15 18:30:30,887 - Robo A moveu de (15, 11) para (15, 10)
2025-06-15 18:30:30,919 - Robo A energia restante: 1
2025-06-15 18:30:31,613 - Robo A moveu de (15, 10) para (15, 13)
2025-06-15 18:30:31,920 - Robo A energia restante: 0
2025-06-15 18:30:31,925 - Robo A morreu por falta de energia
2025-06-15 18:38:49,153 - Robo A criado com F=9, E=90, V=2
2025-06-15 18:38:50,189 - Robo A energia restante: 89
2025-06-15 18:38:50,860 - Robo A moveu de (1, 0) para (3, 0)
2025-06-15 18:38:51,190 - Robo A energia restante: 88
2025-06-15 18:38:51,603 - Robo A moveu de (3, 0) para (1, 0)
2025-06-15 18:38:52,192 - Robo A energia restante: 87
2025-06-15 18:38:53,080 - Robo A moveu de (1, 0) para (0, 0)
2025-06-15 18:38:53,194 - Robo A energia restante: 86
2025-06-15 18:38:58,644 - Robo A criado com F=5, E=56, V=1
2025-06-15 18:38:59,664 - Robo A moveu de (1, 0) para (2, 0)
2025-06-15 18:38:59,679 - Robo A energia restante: 55
2025-06-15 18:39:02,899 - Robo A criado com F=9, E=97, V=4
2025-06-15 18:39:03,920 - Robo A moveu de (0, 0) para (0, 2)
2025-06-15 18:39:03,930 - Robo A energia restante: 96
2025-06-15 18:39:04,660 - Robo A moveu de (0, 2) para (0, 0)
2025-06-15 18:39:04,932 - Robo A energia restante: 95
2025-06-15 18:39:05,933 - Robo A energia restante: 94
2025-06-15 18:39:06,814 - Robo A moveu de (0, 0) para (3, 0)
2025-06-15 18:41:02,213 - Robo A criado com F=4, E=74, V=1
2025-06-15 18:41:03,230 - Robo A moveu de (1, 0) para (1, 1)
2025-06-15 18:41:03,248 - Robo A energia restante: 73
2025-06-15 18:41:03,947 - Robo A moveu de (1, 1) para (1, 2)
2025-06-15 18:41:04,250 - Robo A energia restante: 72
2025-06-15 18:41:04,685 - Robo A moveu de (1, 2) para (1, 1)
2025-06-15 18:41:05,252 - Robo A energia restante: 71
2025-06-15 18:41:05,419 - Robo A moveu de (1, 1) para (2, 1)
2025-06-15 18:41:06,145 - Robo A moveu de (2, 1) para (1, 1)
2025-06-15 18:41:06,254 - Robo A energia restante: 70
2025-06-15 18:41:06,858 - Robo A moveu de (1, 1) para (2, 1)
2025-06-15 18:41:07,255 - Robo A energia restante: 69
2025-06-15 18:41:07,598 - Robo A moveu de (2, 1) para (1, 1)
2025-06-15 19:00:30,609 - Robo A criado com F=7, E=95, V=3
2025-06-15 19:00:31,604 - Robo A moveu de (0, 0) para (0, 1)
2025-06-15 19:00:31,637 - Robo A energia restante: 94
2025-06-15 19:00:33,839 - Robo A criado com F=4, E=51, V=3
2025-06-15 19:00:34,858 - Robo A moveu de (1, 0) para (2, 0)
2025-06-15 19:00:34,871 - Robo A energia restante: 50
2025-06-15 19:00:35,566 - Robo A moveu de (2, 0) para (5, 0)
2025-06-15 19:00:35,873 - Robo A energia restante: 49
2025-06-15 19:00:36,302 - Robo A moveu de (5, 0) para (4, 0)
2025-06-15 19:00:36,874 - Robo A energia restante: 48
2025-06-15 19:00:37,030 - Robo A moveu de (4, 0) para (2, 0)
2025-06-15 19:00:37,740 - Robo A moveu de (2, 0) para (1, 0)
2025-06-15 19:00:37,877 - Robo A energia restante: 47
2025-06-15 19:00:38,460 - Robo A moveu de (1, 0) para (2, 0)
2025-06-15 19:00:38,878 - Robo A energia restante: 46
2025-06-15 19:00:39,153 - Robo A moveu de (2, 0) para (5, 0)
2025-06-15 19:00:39,841 - Robo A moveu de (5, 0) para (6, 0)
2025-06-15 19:00:39,879 - Robo A energia restante: 45
2025-06-15 19:00:40,541 - Robo A moveu de (6, 0) para (6, 3)
2025-06-15 19:00:40,881 - Robo A energia restante: 44
2025-06-15 19:00:41,272 - Robo A moveu de (6, 3) para (9, 3)
2025-06-15 19:00:41,882 - Robo A energia restante: 43
2025-06-15 19:00:41,993 - Robo A moveu de (9, 3) para (9, 0)
2025-06-15 19:00:42,693 - Robo A moveu de (9, 0) para (9, 2)
2025-06-15 19:00:42,883 - Robo A energia restante: 42
2025-06-15 19:00:43,397 - Robo A moveu de (9, 2) para (9, 0)
2025-06-15 19:00:43,885 - Robo A energia restante: 41
2025-06-15 19:00:44,886 - Robo A energia restante: 40
2025-06-15 19:00:45,575 - Robo A moveu de (9, 0) para (10, 0)
2025-06-15 19:00:45,888 - Robo A energia restante: 39
2025-06-15 19:00:46,325 - Robo A moveu de (10, 0) para (7, 0)
2025-06-15 19:06:13,468 - Robo A criado com F=2, E=84, V=1
2025-06-15 19:06:13,757 - Robo A moveu de (1, 0) para (1, 1)
2025-06-15 19:06:14,505 - Robo A energia restante: 83
2025-06-15 19:06:15,163 - Robo A moveu de (1, 1) para (1, 2)
2025-06-15 19:23:15,186 - Robo A criado com F=2, E=16, V=1
2025-06-15 19:23:16,226 - Robo A energia restante: 15
2025-06-15 19:23:17,228 - Robo A energia restante: 14
2025-06-15 19:23:18,021 - Robo A moveu de (0, 0) para (0, 1)
2025-06-15 19:23:18,230 - Robo A energia restante: 13
2025-06-15 19:23:19,232 - Robo A energia restante: 12
2025-06-15 19:23:19,539 - Robo A moveu de (0, 1) para (0, 0)
2025-06-15 19:23:20,233 - Robo A energia restante: 11
2025-06-15 19:23:20,283 - Robo A moveu de (0, 0) para (0, 1)
2025-06-15 19:23:21,235 - Robo A energia restante: 10
2025-06-15 19:23:21,832 - Robo A moveu de (0, 1) para (0, 0)
2025-06-15 19:23:22,237 - Robo A energia restante: 9
2025-06-15 19:23:23,239 - Robo A energia restante: 8
2025-06-15 19:23:23,597 - Robo A moveu de (0, 0) para (1, 0)
2025-06-15 19:23:24,241 - Robo A energia restante: 7
2025-06-15 19:23:24,323 - Robo A moveu de (1, 0) para (1, 1)
2025-06-15 19:23:25,053 - Robo A moveu de (1, 1) para (0, 1)
2025-06-15 19:23:25,243 - Robo A energia restante: 6
2025-06-15 19:23:25,981 - Robo A moveu de (0, 1) para (1, 1)
2025-06-15 19:23:26,245 - Robo A energia restante: 5
2025-06-15 19:23:26,840 - Robo A moveu de (1, 1) para (0, 1)
2025-06-15 19:23:27,247 - Robo A energia restante: 4
2025-06-15 19:23:27,588 - Robo A moveu de (0, 1) para (0, 2)
2025-06-15 19:23:28,248 - Robo A energia restante: 3
2025-06-15 19:23:28,357 - Robo A moveu de (0, 2) para (1, 2)
2025-06-15 19:23:29,227 - Robo A moveu de (1, 2) para (2, 2)
2025-06-15 19:23:29,250 - Robo A energia restante: 2
2025-06-15 19:23:29,973 - Robo A moveu de (2, 2) para (2, 1)
2025-06-15 19:23:30,251 - Robo A energia restante: 1
2025-06-15 19:23:30,756 - Robo A moveu de (2, 1) para (2, 0)
2025-06-15 19:23:31,253 - Robo A energia restante: 0
2025-06-15 19:23:31,257 - Robo A morreu por falta de energia
2025-06-15 19:23:59,275 - Robo A criado com F=4, E=40, V=5
2025-06-15 19:24:00,327 - Robo A energia restante: 39
2025-06-15 19:24:00,501 - Robo A moveu de (1, 0) para (1, 4)
2025-06-15 19:24:01,229 - Robo A moveu de (1, 4) para (4, 4)
2025-06-15 19:24:01,330 - Robo A energia restante: 38
2025-06-15 19:24:02,133 - Robo A moveu de (4, 4) para (4, 8)
2025-06-15 19:24:02,331 - Robo A energia restante: 37
2025-06-15 19:24:02,847 - Robo A moveu de (4, 8) para (4, 5)
2025-06-15 19:24:03,333 - Robo A energia restante: 36
2025-06-15 19:24:03,604 - Robo A moveu de (4, 5) para (3, 5)
2025-06-15 19:24:04,334 - Robo A energia restante: 35
2025-06-15 19:24:04,448 - Robo A moveu de (3, 5) para (7, 5)
2025-06-15 19:24:05,300 - Robo A moveu de (7, 5) para (7, 2)
2025-06-15 19:24:05,335 - Robo A energia restante: 34
2025-06-15 19:24:06,029 - Robo A moveu de (7, 2) para (11, 2)
2025-06-15 19:24:06,337 - Robo A energia restante: 33
2025-06-15 19:24:06,748 - Robo A moveu de (11, 2) para (11, 0)
2025-06-15 19:24:07,338 - Robo A energia restante: 32
2025-06-15 19:24:07,688 - Robo A moveu de (11, 0) para (16, 0)
2025-06-15 19:24:08,339 - Robo A energia restante: 31
2025-06-15 19:24:09,210 - Robo A moveu de (16, 0) para (21, 0)
2025-06-15 19:24:09,341 - Robo A energia restante: 30
2025-06-15 19:24:10,098 - Robo A moveu de (21, 0) para (16, 0)
2025-06-15 19:24:10,343 - Robo A energia restante: 29
2025-06-15 19:24:10,852 - Robo A moveu de (16, 0) para (11, 0)
2025-06-15 19:24:11,343 - Robo A energia restante: 28
2025-06-15 19:24:12,345 - Robo A energia restante: 27
2025-06-15 19:24:12,371 - Robo A moveu de (11, 0) para (11, 1)
2025-06-15 19:24:13,236 - Robo A moveu de (11, 1) para (15, 1)
2025-06-15 19:24:13,347 - Robo A energia restante: 26
2025-06-15 19:24:14,061 - Robo A moveu de (15, 1) para (15, 6)
2025-06-15 19:24:14,348 - Robo A energia restante: 25
2025-06-15 19:24:14,873 - Robo A moveu de (15, 6) para (15, 11)
2025-06-15 19:24:15,350 - Robo A energia restante: 24
2025-06-15 19:24:15,711 - Robo A moveu de (15, 11) para (15, 13)
2025-06-15 19:24:16,352 - Robo A energia restante: 23
2025-06-15 19:24:16,428 - Robo A moveu de (15, 13) para (20, 13)
2025-06-15 19:24:17,155 - Robo A moveu de (20, 13) para (18, 13)
2025-06-15 19:24:17,354 - Robo A energia restante: 22
2025-06-15 19:24:17,956 - Robo A moveu de (18, 13) para (20, 13)
2025-06-15 19:24:18,355 - Robo A energia restante: 21
2025-06-15 19:24:18,751 - Robo A moveu de (20, 13) para (20, 17)
2025-06-15 19:24:19,357 - Robo A energia restante: 20
2025-06-15 19:24:22,475 - Robo A moveu de (20, 17) para (20, 19)
2025-06-15 19:24:23,292 - Robo A energia restante: 19
2025-06-15 19:24:23,313 - Robo A moveu de (20, 19) para (24, 19)
2025-06-15 19:24:24,293 - Robo A energia restante: 18
2025-06-15 19:24:24,967 - Robo A moveu de (24, 19) para (29, 19)
2025-06-15 19:24:25,295 - Robo A energia restante: 17
2025-06-15 19:24:26,297 - Robo A energia restante: 16
2025-06-15 19:24:26,511 - Robo A moveu de (29, 19) para (29, 16)
2025-06-15 19:24:27,299 - Robo A energia restante: 15
2025-06-15 19:24:27,417 - Robo A moveu de (29, 16) para (29, 11)
2025-06-15 19:24:28,160 - Robo A moveu de (29, 11) para (25, 11)
2025-06-15 19:24:28,300 - Robo A energia restante: 14
2025-06-15 19:24:28,917 - Robo A moveu de (25, 11) para (25, 12)
2025-06-15 19:24:29,302 - Robo A energia restante: 13
2025-06-15 19:24:29,762 - Robo A moveu de (25, 12) para (20, 12)
2025-06-15 19:24:30,304 - Robo A energia restante: 12
2025-06-15 19:24:30,545 - Robo A moveu de (20, 12) para (19, 12)
2025-06-15 19:24:31,310 - Robo A energia restante: 11
2025-06-15 19:24:31,311 - Robo A moveu de (19, 12) para (19, 9)
2025-06-15 19:24:32,211 - Robo A moveu de (19, 9) para (22, 9)
2025-06-15 19:24:32,312 - Robo A energia restante: 10
2025-06-15 19:24:32,939 - Robo A moveu de (22, 9) para (21, 9)
2025-06-15 19:24:33,313 - Robo A energia restante: 9
2025-06-15 19:24:33,756 - Robo A moveu de (21, 9) para (21, 13)
2025-06-15 19:24:34,315 - Robo A energia restante: 8
2025-06-15 19:24:34,560 - Robo A moveu de (21, 13) para (21, 12)
2025-06-15 19:24:35,316 - Robo A energia restante: 7
2025-06-15 19:24:35,371 - Robo A moveu de (21, 12) para (22, 12)
2025-06-15 19:24:36,125 - Robo A moveu de (22, 12) para (20, 12)
2025-06-15 19:24:36,317 - Robo A energia restante: 6
2025-06-15 19:24:36,838 - Robo A moveu de (20, 12) para (20, 11)
2025-06-15 19:24:37,319 - Robo A energia restante: 5
2025-06-15 19:24:37,748 - Robo A moveu de (20, 11) para (20, 12)
2025-06-15 19:24:38,320 - Robo A energia restante: 4
2025-06-15 19:24:38,568 - Robo A moveu de (20, 12) para (23, 12)
2025-06-15 19:24:39,322 - Robo A energia restante: 3
2025-06-15 19:24:39,406 - Robo A moveu de (23, 12) para (20, 12)
2025-06-15 19:24:40,295 - Robo A moveu de (20, 12) para (20, 15)
2025-06-15 19:24:40,323 - Robo A energia restante: 2
2025-06-15 19:24:41,081 - Robo A moveu de (20, 15) para (20, 18)
2025-06-15 19:24:41,325 - Robo A energia restante: 1
2025-06-15 19:24:41,982 - Robo A moveu de (20, 18) para (20, 14)
2025-06-15 19:24:42,327 - Robo A energia restante: 0
2025-06-15 19:24:42,337 - Robo A morreu por falta de energia
2025-06-15 19:25:57,377 - Robo A criado com F=7, E=13, V=1
2025-06-15 19:25:58,426 - Robo A energia restante: 12
2025-06-15 19:25:59,428 - Robo A energia restante: 11
2025-06-15 19:26:00,354 - Robo A moveu de (1, 0) para (2, 0)
2025-06-15 19:26:00,430 - Robo A energia restante: 10
2025-06-15 19:27:20,165 - Robo A criado com F=5, E=74, V=3
2025-06-15 19:27:21,222 - Robo A energia restante: 73
2025-06-15 19:27:22,127 - Robo A moveu de (1, 0) para (3, 0)
2025-06-15 19:27:22,224 - Robo A energia restante: 72
2025-06-15 19:27:22,957 - Robo A moveu de (3, 0) para (1, 0)
2025-06-15 19:27:23,226 - Robo A energia restante: 71
2025-06-15 19:27:24,227 - Robo A energia restante: 70
2025-06-15 19:27:25,229 - Robo A energia restante: 69
2025-06-15 19:27:26,231 - Robo A energia restante: 68
2025-06-15 19:27:26,922 - Robo A moveu de (1, 0) para (3, 0)
2025-06-15 19:27:27,232 - Robo A energia restante: 67
2025-06-15 19:27:27,653 - Robo A moveu de (3, 0) para (6, 0)
2025-06-15 19:27:28,233 - Robo A energia restante: 66
2025-06-15 19:27:28,494 - Robo A moveu de (6, 0) para (5, 0)
2025-06-15 19:27:29,236 - Robo A energia restante: 65
2025-06-15 19:27:29,237 - Robo A moveu de (5, 0) para (5, 2)
2025-06-15 19:27:29,960 - Robo A moveu de (5, 2) para (3, 2)
2025-06-15 19:27:30,237 - Robo A energia restante: 64
2025-06-15 19:27:30,793 - Robo A moveu de (3, 2) para (0, 2)
2025-06-15 19:27:31,239 - Robo A energia restante: 63
2025-06-15 19:27:31,717 - Robo A moveu de (0, 2) para (1, 2)
2025-06-15 19:27:32,240 - Robo A energia restante: 62
2025-06-15 19:27:32,558 - Robo A moveu de (1, 2) para (1, 0)
2025-06-15 19:27:33,242 - Robo A energia restante: 61
2025-06-15 19:27:33,297 - Robo A moveu de (1, 0) para (4, 0)
2025-06-15 19:27:34,243 - Robo A energia restante: 60
2025-06-15 19:27:35,245 - Robo A energia restante: 59
2025-06-15 19:27:35,606 - Robo A moveu de (4, 0) para (4, 1)
2025-06-15 19:27:36,246 - Robo A energia restante: 58
2025-06-15 19:27:36,376 - Robo A moveu de (4, 1) para (5, 1)
2025-06-15 19:27:37,185 - Robo A moveu de (5, 1) para (5, 3)
2025-06-15 19:27:37,247 - Robo A energia restante: 57
2025-06-15 19:27:37,892 - Robo A moveu de (5, 3) para (5, 1)
2025-06-15 19:27:38,249 - Robo A energia restante: 56
2025-06-15 19:27:38,598 - Robo A moveu de (5, 1) para (5, 0)
2025-06-15 19:27:39,251 - Robo A energia restante: 55
2025-06-15 19:27:39,364 - Robo A moveu de (5, 0) para (5, 2)
2025-06-15 19:27:40,253 - Robo A energia restante: 54
2025-06-15 19:28:04,685 - Robo A criado com F=7, E=96, V=3
2025-06-15 19:28:05,725 - Robo A energia restante: 95
2025-06-15 19:28:06,629 - Robo A moveu de (0, 0) para (3, 0)
2025-06-15 19:28:06,728 - Robo A energia restante: 94
2025-06-15 19:28:07,508 - Robo A moveu de (3, 0) para (6, 0)
2025-06-15 19:28:07,729 - Robo A energia restante: 93
2025-06-15 19:28:08,272 - Robo A moveu de (6, 0) para (4, 0)
2025-06-15 19:28:08,731 - Robo A energia restante: 92
2025-06-15 19:28:09,012 - Robo A moveu de (4, 0) para (4, 1)
2025-06-15 19:28:09,732 - Robo A energia restante: 91
2025-06-15 19:30:02,692 - Robo A criado com F=7, E=41, V=1
2025-06-15 19:30:03,202 - Robo A moveu de (1, 0) para (2, 0)
2025-06-15 19:30:03,750 - Robo A energia restante: 40
2025-06-15 19:30:03,920 - Robo A moveu de (2, 0) para (3, 0)
2025-06-15 19:30:04,641 - Robo A moveu de (3, 0) para (2, 0)
2025-06-15 19:30:04,752 - Robo A energia restante: 39
2025-06-15 19:30:05,754 - Robo A energia restante: 38
2025-06-15 19:30:06,238 - Robo A moveu de (2, 0) para (3, 0)
2025-06-15 19:32:49,606 - Robo A criado com F=8, E=30, V=2
2025-06-15 19:32:50,152 - Robo A moveu de (1, 0) para (2, 0)
2025-06-15 19:32:50,657 - Robo A energia restante: 29
2025-06-15 19:32:51,602 - Robo A moveu de (2, 0) para (2, 1)
2025-06-15 19:32:51,659 - Robo A energia restante: 28
2025-06-15 19:32:52,480 - Robo A moveu de (2, 1) para (2, 2)
2025-06-15 19:32:52,661 - Robo A energia restante: 27
2025-06-15 19:32:53,215 - Robo A moveu de (2, 2) para (4, 2)
2025-06-15 19:32:53,662 - Robo A energia restante: 26
2025-06-15 19:32:53,916 - Robo A moveu de (4, 2) para (3, 2)
2025-06-15 19:32:54,664 - Robo A energia restante: 25
2025-06-15 19:32:54,784 - Robo A moveu de (3, 2) para (4, 2)
2025-06-15 19:32:55,508 - Robo A moveu de (4, 2) para (5, 2)
2025-06-15 19:32:55,666 - Robo A energia restante: 24
2025-06-15 19:32:56,238 - Robo A moveu de (5, 2) para (5, 4)
2025-06-15 19:32:56,667 - Robo A energia restante: 23
2025-06-15 19:32:56,967 - Robo A moveu de (5, 4) para (3, 4)
2025-06-15 19:32:57,669 - Robo A energia restante: 22
2025-06-15 19:32:57,694 - Robo A moveu de (3, 4) para (3, 2)
2025-06-15 19:32:58,671 - Robo A energia restante: 21
2025-06-15 19:32:59,176 - Robo A moveu de (3, 2) para (1, 2)
2025-06-15 19:33:03,850 - Robo A criado com F=1, E=82, V=2
2025-06-15 19:33:04,346 - Robo A moveu de (0, 0) para (2, 0)
2025-06-15 19:33:04,892 - Robo A energia restante: 81
2025-06-15 19:33:05,828 - Robo A moveu de (2, 0) para (2, 2)
2025-06-15 19:33:05,893 - Robo A energia restante: 80
2025-06-15 19:33:06,624 - Robo A moveu de (2, 2) para (4, 2)
2025-06-15 19:33:06,895 - Robo A energia restante: 79
2025-06-15 19:33:10,295 - Robo A moveu de (4, 2) para (4, 4)
2025-06-15 19:33:10,830 - Robo A energia restante: 78
2025-06-15 19:33:11,839 - Robo A energia restante: 77
2025-06-15 19:33:11,843 - Robo A moveu de (4, 4) para (5, 4)
2025-06-15 19:33:22,530 - Robo A criado com F=2, E=28, V=4
2025-06-15 19:33:23,041 - Robo A moveu de (0, 0) para (0, 2)
2025-06-15 19:33:23,573 - Robo A energia restante: 27
2025-06-15 19:33:23,771 - Robo A moveu de (0, 2) para (0, 3)
2025-06-15 19:33:24,461 - Robo A moveu de (0, 3) para (0, 1)
2025-06-15 19:33:24,575 - Robo A energia restante: 26
2025-06-15 19:33:25,187 - Robo A moveu de (0, 1) para (0, 2)
2025-06-15 19:33:25,576 - Robo A energia restante: 25
2025-06-15 19:33:25,882 - Robo A moveu de (0, 2) para (3, 2)
2025-06-15 19:33:26,578 - Robo A energia restante: 24
2025-06-15 19:33:26,708 - Robo A moveu de (3, 2) para (5, 2)
2025-06-15 19:33:27,445 - Robo A moveu de (5, 2) para (5, 0)
2025-06-15 19:33:27,579 - Robo A energia restante: 23
2025-06-15 19:33:28,581 - Robo A energia restante: 22
2025-06-15 19:33:29,583 - Robo A energia restante: 21
2025-06-15 19:33:30,342 - Robo A moveu de (5, 0) para (2, 0)
2025-06-15 19:33:30,584 - Robo A energia restante: 20
2025-06-15 19:33:31,066 - Robo A moveu de (2, 0) para (0, 0)
2025-06-15 19:33:31,586 - Robo A energia restante: 19
2025-06-15 19:33:31,778 - Robo A moveu de (0, 0) para (3, 0)
2025-06-15 19:33:32,514 - Robo A moveu de (3, 0) para (5, 0)
2025-06-15 19:33:32,587 - Robo A energia restante: 18
2025-06-15 19:33:33,220 - Robo A moveu de (5, 0) para (4, 0)
2025-06-15 19:33:33,589 - Robo A energia restante: 17
2025-06-15 19:33:34,022 - Robo A moveu de (4, 0) para (5, 0)
2025-06-15 19:33:34,590 - Robo A energia restante: 16
2025-06-15 19:33:34,773 - Robo A moveu de (5, 0) para (5, 2)
2025-06-15 19:33:35,592 - Robo A energia restante: 15
2025-06-15 19:33:35,660 - Robo A moveu de (5, 2) para (6, 2)
2025-06-15 19:33:36,397 - Robo A moveu de (6, 2) para (7, 2)
2025-06-15 19:33:36,593 - Robo A energia restante: 14
2025-06-15 19:33:37,126 - Robo A moveu de (7, 2) para (8, 2)
2025-06-15 19:33:37,595 - Robo A energia restante: 13
2025-06-15 19:33:37,869 - Robo A moveu de (8, 2) para (8, 6)
2025-06-15 19:33:38,597 - Robo A energia restante: 12
2025-06-15 19:33:39,461 - Robo A moveu de (8, 6) para (11, 6)
2025-06-15 19:33:39,598 - Robo A energia restante: 11
2025-06-15 19:33:40,194 - Robo A moveu de (11, 6) para (11, 9)
2025-06-15 19:33:40,599 - Robo A energia restante: 10
2025-06-15 19:33:40,938 - Robo A moveu de (11, 9) para (11, 13)
2025-06-15 19:33:41,601 - Robo A energia restante: 9
2025-06-15 19:33:41,666 - Robo A moveu de (11, 13) para (13, 13)
2025-06-15 19:33:45,351 - Robo A moveu de (13, 13) para (13, 14)
2025-06-15 19:33:45,538 - Robo A energia restante: 8
2025-06-15 19:33:46,238 - Robo A moveu de (13, 14) para (13, 16)
2025-06-15 19:33:46,541 - Robo A energia restante: 7
2025-06-15 19:33:46,950 - Robo A moveu de (13, 16) para (13, 19)
2025-06-15 19:33:47,542 - Robo A energia restante: 6
2025-06-15 19:33:47,681 - Robo A moveu de (13, 19) para (9, 19)
2025-06-15 19:33:48,411 - Robo A moveu de (9, 19) para (9, 16)
2025-06-15 19:33:48,543 - Robo A energia restante: 5
2025-06-15 19:33:49,136 - Robo A moveu de (9, 16) para (10, 16)
2025-06-15 19:33:49,545 - Robo A energia restante: 4
2025-06-15 19:33:49,932 - Robo A moveu de (10, 16) para (10, 13)
2025-06-15 19:33:50,546 - Robo A energia restante: 3
2025-06-15 19:33:50,668 - Robo A moveu de (10, 13) para (12, 13)
2025-06-15 19:33:51,454 - Robo A moveu de (12, 13) para (13, 13)
2025-06-15 19:33:51,547 - Robo A energia restante: 2
2025-06-15 19:33:52,197 - Robo A moveu de (13, 13) para (13, 9)
2025-06-15 19:33:52,549 - Robo A energia restante: 1
2025-06-15 19:33:52,908 - Robo A moveu de (13, 9) para (13, 12)
2025-06-15 19:33:53,551 - Robo A energia restante: 0
2025-06-15 19:33:53,602 - Robo A moveu de (13, 12) para (9, 12)
2025-06-15 19:33:53,606 - Robo A morreu por falta de energia
2025-06-15 19:34:41,922 - Robo A criado com F=9, E=77, V=2
2025-06-15 19:34:42,962 - Robo A energia restante: 76
2025-06-15 19:34:43,840 - Robo A moveu de (0, 0) para (0, 2)
2025-06-15 19:34:43,964 - Robo A energia restante: 75
2025-06-15 19:34:44,965 - Robo A energia restante: 74
2025-06-15 19:34:45,307 - Robo A moveu de (0, 2) para (2, 2)
2025-06-15 19:34:45,966 - Robo A energia restante: 73
2025-06-15 19:34:46,217 - Robo A moveu de (2, 2) para (3, 2)
2025-06-15 19:34:46,956 - Robo A moveu de (3, 2) para (4, 2)
2025-06-15 19:34:46,969 - Robo A energia restante: 72
2025-06-15 19:34:47,676 - Robo A moveu de (4, 2) para (6, 2)
2025-06-15 19:34:47,970 - Robo A energia restante: 71
2025-06-15 19:34:48,399 - Robo A moveu de (6, 2) para (6, 4)
2025-06-15 19:35:14,985 - Robo A criado com F=6, E=33, V=4
2025-06-15 19:35:16,027 - Robo A energia restante: 32
2025-06-15 19:35:16,923 - Robo A moveu de (0, 0) para (0, 4)
2025-06-15 19:35:17,029 - Robo A energia restante: 31
2025-06-15 19:35:35,533 - Robo A criado com F=3, E=100, V=5
2025-06-15 19:35:36,042 - Robo A moveu de (1, 0) para (6, 0)
2025-06-15 19:35:36,582 - Robo A energia restante: 99
2025-06-15 19:35:36,757 - Robo A moveu de (6, 0) para (6, 2)
2025-06-15 19:35:37,519 - Robo A moveu de (6, 2) para (6, 6)
2025-06-15 19:35:37,585 - Robo A energia restante: 98
2025-06-15 19:35:38,434 - Robo A moveu de (6, 6) para (7, 6)
2025-06-15 19:35:38,586 - Robo A energia restante: 97
2025-06-15 19:35:39,155 - Robo A moveu de (7, 6) para (7, 11)
2025-06-15 19:35:39,588 - Robo A energia restante: 96
2025-06-15 19:35:39,907 - Robo A moveu de (7, 11) para (2, 11)
2025-06-15 19:35:40,590 - Robo A energia restante: 95
2025-06-15 19:35:40,812 - Robo A moveu de (2, 11) para (7, 11)
2025-06-15 19:35:41,592 - Robo A energia restante: 94
2025-06-15 19:35:41,648 - Robo A moveu de (7, 11) para (7, 10)
2025-06-15 19:35:42,356 - Robo A moveu de (7, 10) para (7, 14)
2025-06-15 19:35:42,594 - Robo A energia restante: 93
2025-06-15 19:35:43,230 - Robo A moveu de (7, 14) para (7, 9)
2025-06-15 19:35:43,596 - Robo A energia restante: 92
2025-06-15 19:35:44,031 - Robo A moveu de (7, 9) para (7, 11)
2025-06-15 19:35:44,598 - Robo A energia restante: 91
2025-06-15 19:35:44,797 - Robo A moveu de (7, 11) para (6, 11)
2025-06-15 19:35:45,599 - Robo A energia restante: 90
2025-06-15 19:35:45,752 - Robo A moveu de (6, 11) para (6, 6)
2025-06-15 19:35:46,506 - Robo A moveu de (6, 6) para (8, 6)
2025-06-15 19:35:46,601 - Robo A energia restante: 89
2025-06-15 19:35:47,235 - Robo A moveu de (8, 6) para (11, 6)
2025-06-15 19:35:47,603 - Robo A energia restante: 88
2025-06-15 19:35:48,209 - Robo A moveu de (11, 6) para (11, 5)
2025-06-15 19:35:48,604 - Robo A energia restante: 87
2025-06-15 19:35:48,952 - Robo A moveu de (11, 5) para (6, 5)
2025-06-15 19:35:49,606 - Robo A energia restante: 86
2025-06-15 19:35:49,735 - Robo A moveu de (6, 5) para (6, 3)
2025-06-15 19:35:50,556 - Robo A moveu de (6, 3) para (6, 6)
2025-06-15 19:35:50,608 - Robo A energia restante: 85
2025-06-15 19:35:51,304 - Robo A moveu de (6, 6) para (6, 9)
2025-06-15 19:35:51,609 - Robo A energia restante: 84
2025-06-15 19:35:52,204 - Robo A moveu de (6, 9) para (6, 8)
2025-06-15 19:35:52,611 - Robo A energia restante: 83
2025-06-15 19:35:52,927 - Robo A moveu de (6, 8) para (6, 3)
2025-06-15 19:35:53,614 - Robo A energia restante: 82
2025-06-15 19:35:54,601 - Robo A moveu de (6, 3) para (10, 3)
2025-06-15 19:35:54,617 - Robo A energia restante: 81
2025-06-15 19:35:55,356 - Robo A moveu de (10, 3) para (11, 3)
2025-06-15 19:35:55,618 - Robo A energia restante: 80
2025-06-15 19:35:56,196 - Robo A moveu de (11, 3) para (11, 4)
2025-06-15 19:35:56,621 - Robo A energia restante: 79
2025-06-15 19:35:57,044 - Robo A moveu de (11, 4) para (11, 8)
2025-06-15 19:35:57,630 - Robo A energia restante: 78
2025-06-15 19:35:57,773 - Robo A moveu de (11, 8) para (13, 8)
2025-06-15 19:35:58,631 - Robo A energia restante: 77
2025-06-15 19:35:59,345 - Robo A moveu de (13, 8) para (18, 8)
2025-06-15 19:35:59,633 - Robo A energia restante: 76
2025-06-15 19:36:00,188 - Robo A moveu de (18, 8) para (18, 11)
2025-06-15 19:36:00,635 - Robo A energia restante: 75
2025-06-15 19:36:01,056 - Robo A moveu de (18, 11) para (17, 11)
2025-06-15 19:36:01,637 - Robo A energia restante: 74
2025-06-15 19:36:01,881 - Robo A moveu de (17, 11) para (13, 11)
2025-06-15 19:36:02,638 - Robo A energia restante: 73
2025-06-15 19:36:02,757 - Robo A moveu de (13, 11) para (13, 14)
2025-06-15 19:38:41,775 - Robo A criado com F=7, E=56, V=5
2025-06-15 19:38:42,280 - Robo A moveu de (1, 0) para (2, 0)
2025-06-15 19:38:42,825 - Robo A energia restante: 55
2025-06-15 19:38:43,000 - Robo A moveu de (2, 0) para (6, 0)
2025-06-15 19:38:43,723 - Robo A moveu de (6, 0) para (2, 0)
2025-06-15 19:38:43,827 - Robo A energia restante: 54
2025-06-15 19:38:44,634 - Robo A moveu de (2, 0) para (5, 0)
2025-06-15 19:38:44,829 - Robo A energia restante: 53
2025-06-15 19:38:45,830 - Robo A energia restante: 52
2025-06-15 19:38:46,832 - Robo A energia restante: 51
2025-06-15 19:38:46,879 - Robo A moveu de (5, 0) para (4, 0)
2025-06-15 19:38:47,834 - Robo A energia restante: 50
2025-06-15 19:38:48,412 - Robo A moveu de (4, 0) para (4, 2)
2025-06-15 19:38:48,835 - Robo A energia restante: 49
2025-06-15 19:38:49,241 - Robo A moveu de (4, 2) para (6, 2)
2025-06-15 19:38:49,837 - Robo A energia restante: 48
2025-06-15 19:38:50,080 - Robo A moveu de (6, 2) para (5, 2)
2025-06-15 19:38:50,821 - Robo A moveu de (5, 2) para (5, 7)
2025-06-15 19:38:50,839 - Robo A energia restante: 47
2025-06-15 19:38:51,630 - Robo A moveu de (5, 7) para (7, 7)
2025-06-15 19:38:51,840 - Robo A energia restante: 46
2025-06-15 19:38:52,509 - Robo A moveu de (7, 7) para (7, 9)
2025-06-15 19:38:52,842 - Robo A energia restante: 45
2025-06-15 19:38:53,234 - Robo A moveu de (7, 9) para (6, 9)
2025-06-15 19:38:53,844 - Robo A energia restante: 44
2025-06-15 19:38:55,987 - Robo A criado com F=3, E=82, V=2
2025-06-15 19:38:57,039 - Robo A energia restante: 81
2025-06-15 19:38:58,041 - Robo A energia restante: 80
2025-06-15 19:39:27,886 - Robo A criado com F=9, E=69, V=5
2025-06-15 19:39:28,392 - Robo A moveu de (0, 0) para (5, 0)
2025-06-15 19:39:28,926 - Robo A energia restante: 68
2025-06-15 19:39:29,927 - Robo A energia restante: 67
2025-06-15 19:39:30,676 - Robo A moveu de (5, 0) para (5, 4)
2025-06-15 19:39:30,929 - Robo A energia restante: 66
2025-06-15 19:39:31,426 - Robo A moveu de (5, 4) para (5, 6)
2025-06-15 19:39:31,931 - Robo A energia restante: 65
2025-06-15 19:39:32,314 - Robo A moveu de (5, 6) para (4, 6)
2025-06-15 19:40:18,641 - Robo A criado com F=8, E=37, V=2
2025-06-15 19:40:18,937 - Robo A moveu de (1, 0) para (1, 1)
2025-06-15 19:40:19,662 - Robo A moveu de (1, 1) para (1, 0)
2025-06-15 19:40:19,678 - Robo A energia restante: 36
2025-06-15 19:40:20,362 - Robo A moveu de (1, 0) para (1, 1)
2025-06-15 19:40:20,679 - Robo A energia restante: 35
2025-06-15 19:40:21,083 - Robo A moveu de (1, 1) para (1, 3)
2025-06-15 19:40:21,681 - Robo A energia restante: 34
2025-06-15 19:40:21,807 - Robo A moveu de (1, 3) para (1, 2)
2025-06-15 19:40:22,531 - Robo A moveu de (1, 2) para (0, 2)
2025-06-15 19:40:22,682 - Robo A energia restante: 33
2025-06-15 19:40:23,256 - Robo A moveu de (0, 2) para (0, 0)
2025-06-15 19:40:23,684 - Robo A energia restante: 32
2025-06-15 19:40:24,686 - Robo A energia restante: 31
2025-06-15 19:40:24,828 - Robo A moveu de (0, 0) para (1, 0)
2025-06-15 19:40:25,547 - Robo A moveu de (1, 0) para (1, 2)
2025-06-15 19:40:25,692 - Robo A energia restante: 30
2025-06-15 19:40:26,271 - Robo A moveu de (1, 2) para (1, 4)
2025-06-15 19:40:26,694 - Robo A energia restante: 29
2025-06-15 19:40:27,004 - Robo A moveu de (1, 4) para (0, 4)
2025-06-15 19:40:27,696 - Robo A energia restante: 28
2025-06-15 19:40:27,707 - Robo A moveu de (0, 4) para (0, 5)
2025-06-15 19:40:28,431 - Robo A moveu de (0, 5) para (0, 6)
2025-06-15 19:40:28,697 - Robo A energia restante: 27
2025-06-15 19:48:31,155 - Robo A criado com F=10, E=12, V=4
2025-06-15 19:48:32,183 - Robo A energia restante: 11
2025-06-15 19:48:32,834 - Robo A moveu de (0, 0) para (0, 4)
2025-06-15 19:48:35,260 - Robo A criado com F=10, E=68, V=5
2025-06-15 19:48:35,548 - Robo A moveu de (1, 0) para (6, 0)
2025-06-15 19:48:36,296 - Robo A energia restante: 67
2025-06-15 19:48:37,297 - Robo A energia restante: 66
2025-06-15 19:48:38,299 - Robo A energia restante: 65
2025-06-15 19:48:38,431 - Robo A moveu de (6, 0) para (5, 0)
2025-06-15 19:48:39,142 - Robo A moveu de (5, 0) para (9, 0)
2025-06-15 19:48:39,300 - Robo A energia restante: 64
2025-06-15 19:48:39,843 - Robo A moveu de (9, 0) para (5, 0)
2025-06-15 19:48:40,302 - Robo A energia restante: 63
2025-06-15 19:48:40,561 - Robo A moveu de (5, 0) para (0, 0)
2025-06-15 19:48:41,284 - Robo A moveu de (0, 0) para (2, 0)
2025-06-15 19:48:41,304 - Robo A energia restante: 62
2025-06-15 19:48:42,037 - Robo A moveu de (2, 0) para (6, 0)
2025-06-15 19:48:42,305 - Robo A energia restante: 61
2025-06-15 19:48:42,763 - Robo A moveu de (6, 0) para (10, 0)
2025-06-15 19:55:32,302 - Robo A criado com F=9, E=82, V=3
2025-06-15 19:55:32,618 - Robo A moveu de (1, 0) para (2, 0)
2025-06-15 19:55:33,337 - Robo A energia restante: 81
2025-06-15 19:55:33,363 - Robo A moveu de (2, 0) para (5, 0)
2025-06-15 19:55:34,074 - Robo A moveu de (5, 0) para (5, 1)
2025-06-15 19:55:34,339 - Robo A energia restante: 80
2025-06-15 19:55:34,833 - Robo A moveu de (5, 1) para (4, 1)
2025-06-15 19:55:35,341 - Robo A energia restante: 79
2025-06-15 19:55:35,597 - Robo A moveu de (4, 1) para (5, 1)
2025-06-15 19:55:36,343 - Robo A energia restante: 78
2025-06-15 19:55:36,364 - Robo A moveu de (5, 1) para (5, 0)
2025-06-15 19:55:37,123 - Robo A moveu de (5, 0) para (6, 0)
2025-06-15 19:55:37,345 - Robo A energia restante: 77
2025-06-15 19:55:38,346 - Robo A energia restante: 76
2025-06-15 19:55:39,348 - Robo A energia restante: 75
2025-06-15 19:55:40,350 - Robo A energia restante: 74
2025-06-15 19:55:40,936 - Robo A moveu de (6, 0) para (6, 1)
2025-06-15 19:55:41,351 - Robo A energia restante: 73
2025-06-15 19:55:41,649 - Robo A moveu de (6, 1) para (6, 4)
2025-06-15 20:13:12,374 - Robo A criado com F=2, E=20, V=4
2025-06-15 20:13:12,685 - Robo A moveu de (1, 0) para (4, 0)
2025-06-15 20:13:13,410 - Robo A energia restante: 19
2025-06-15 20:13:14,117 - Robo A moveu de (4, 0) para (2, 0)
2025-06-15 20:13:14,412 - Robo A energia restante: 18
2025-06-15 20:13:14,852 - Robo A moveu de (2, 0) para (0, 0)
2025-06-15 20:13:15,414 - Robo A energia restante: 17
2025-06-15 20:13:15,591 - Robo A moveu de (0, 0) para (0, 3)
2025-06-15 20:13:19,351 - Robo A energia restante: 16
2025-06-15 20:13:20,352 - Robo A energia restante: 15
2025-06-15 20:13:20,746 - Robo A moveu de (0, 3) para (0, 0)
2025-06-15 20:13:21,354 - Robo A energia restante: 14
2025-06-15 20:35:30,004 - Robo A criado com F=9, E=22, V=4
2025-06-15 20:35:31,038 - Robo A energia restante: 21
2025-06-15 20:35:31,547 - Robo A moveu de (1, 0) para (4, 0)
2025-06-15 20:35:32,039 - Robo A energia restante: 20
2025-06-15 20:35:32,188 - Robo A moveu de (4, 0) para (4, 4)
2025-06-15 20:35:33,040 - Robo A energia restante: 19
2025-06-15 20:35:34,041 - Robo A energia restante: 18
2025-06-15 20:35:35,042 - Robo A energia restante: 17
2025-06-15 20:35:36,045 - Robo A energia restante: 16
2025-06-15 20:35:37,047 - Robo A energia restante: 15
2025-06-15 20:35:38,048 - Robo A energia restante: 14
2025-06-15 20:35:39,048 - Robo A energia restante: 13
2025-06-15 20:35:40,049 - Robo A energia restante: 12
2025-06-15 20:35:41,050 - Robo A energia restante: 11
2025-06-15 20:35:42,053 - Robo A energia restante: 10
2025-06-15 20:35:43,055 - Robo A energia restante: 9
2025-06-15 20:35:50,275 - Robo A criado com F=7, E=13, V=1
2025-06-15 20:35:51,164 - Robo A moveu de (1, 0) para (1, 1)
2025-06-15 20:35:51,314 - Robo A energia restante: 12
2025-06-15 20:35:51,831 - Robo A moveu de (1, 1) para (1, 2)
2025-06-15 20:35:52,314 - Robo A energia restante: 11
2025-06-15 20:35:52,474 - Robo A moveu de (1, 2) para (2, 2)
2025-06-15 20:35:53,315 - Robo A energia restante: 10
2025-06-15 20:35:54,317 - Robo A energia restante: 9
2025-06-15 20:35:55,320 - Robo A energia restante: 8
2025-06-15 20:35:56,321 - Robo A energia restante: 7
2025-06-15 20:35:57,322 - Robo A energia restante: 6
2025-06-15 20:35:58,323 - Robo A energia restante: 5
2025-06-15 20:35:59,325 - Robo A energia restante: 4
2025-06-15 20:36:00,326 - Robo A energia restante: 3
2025-06-15 20:36:04,269 - Robo A energia restante: 2
2025-06-15 20:36:05,270 - Robo A energia restante: 1
2025-06-15 20:36:06,271 - Robo A energia restante: 0
2025-06-15 20:36:06,275 - Robo A morreu por falta de energia
2025-06-15 21:05:58,757 - Robo A criado com F=7, E=25, V=1
2025-06-15 21:05:59,805 - Robo A energia restante: 24
2025-06-15 21:06:00,442 - Robo A moveu de (1, 0) para (2, 0)
2025-06-15 21:06:00,806 - Robo A energia restante: 23
2025-06-15 21:06:01,806 - Robo A energia restante: 22
2025-06-15 21:06:02,807 - Robo A energia restante: 21
2025-06-15 21:06:03,807 - Robo A energia restante: 20
2025-06-15 21:06:04,810 - Robo A energia restante: 19
2025-06-15 21:06:05,812 - Robo A energia restante: 18
2025-06-15 21:06:06,813 - Robo A energia restante: 17
2025-06-15 21:06:07,813 - Robo A energia restante: 16
2025-06-15 21:06:08,814 - Robo A energia restante: 15
2025-06-15 21:06:09,815 - Robo A energia restante: 14
2025-06-15 21:06:10,817 - Robo A energia restante: 13
2025-06-15 21:06:11,818 - Robo A energia restante: 12
2025-06-15 21:06:12,820 - Robo A energia restante: 11
2025-06-15 21:06:13,820 - Robo A energia restante: 10
2025-06-15 21:06:14,821 - Robo A energia restante: 9
2025-06-15 21:06:15,823 - Robo A energia restante: 8
2025-06-15 21:06:16,824 - Robo A energia restante: 7
2025-06-15 21:06:17,824 - Robo A energia restante: 6
2025-06-15 21:06:18,825 - Robo A energia restante: 5
2025-06-15 21:06:19,826 - Robo A energia restante: 4
2025-06-15 21:06:20,827 - Robo A energia restante: 3
2025-06-15 21:06:21,829 - Robo A energia restante: 2
2025-06-15 21:06:22,831 - Robo A energia restante: 1
2025-06-15 21:06:23,832 - Robo A energia restante: 0
2025-06-15 21:06:23,836 - Robo A morreu por falta de energia
2025-06-15 21:10:20,430 - Robo A criado com F=4, E=59, V=4
2025-06-15 21:10:20,641 - Robo A moveu de (1, 0) para (1, 1)
2025-06-15 21:10:21,462 - Robo A energia restante: 58
2025-06-15 21:10:22,463 - Robo A energia restante: 57
2025-06-15 21:10:23,464 - Robo A energia restante: 56
2025-06-15 21:10:24,464 - Robo A energia restante: 55
2025-06-15 21:10:25,465 - Robo A energia restante: 54
2025-06-15 21:10:26,466 - Robo A energia restante: 53
2025-06-15 21:10:27,467 - Robo A energia restante: 52
2025-06-15 21:10:28,468 - Robo A energia restante: 51
2025-06-15 21:10:29,469 - Robo A energia restante: 50
2025-06-15 21:10:30,470 - Robo A energia restante: 49
2025-06-15 21:10:31,470 - Robo A energia restante: 48
2025-06-15 21:10:32,472 - Robo A energia restante: 47
2025-06-15 21:10:33,474 - Robo A energia restante: 46
2025-06-15 21:10:34,475 - Robo A energia restante: 45
2025-06-15 21:24:27,019 - Robo A criado com F=2, E=69, V=2
2025-06-15 21:25:13,853 - Robo A criado com F=2, E=74, V=4
2025-06-15 21:25:41,165 - Robo A criado com F=4, E=38, V=1
2025-06-15 21:26:06,169 - Robo A criado com F=7, E=65, V=4
2025-06-15 21:26:07,208 - Robo A energia restante: 64
2025-06-15 21:26:08,208 - Robo A energia restante: 63
2025-06-15 21:26:12,156 - Robo A energia restante: 62
2025-06-15 21:26:13,157 - Robo A energia restante: 61
2025-06-15 21:26:14,159 - Robo A energia restante: 60
2025-06-15 21:26:15,160 - Robo A energia restante: 59
2025-06-15 21:26:16,161 - Robo A energia restante: 58
2025-06-15 21:26:17,162 - Robo A energia restante: 57
2025-06-15 21:26:18,163 - Robo A energia restante: 56
2025-06-15 21:26:19,164 - Robo A energia restante: 55
2025-06-15 21:26:20,166 - Robo A energia restante: 54
2025-06-15 21:26:21,168 - Robo A energia restante: 53
2025-06-15 21:26:22,170 - Robo A energia restante: 52
2025-06-15 21:26:23,171 - Robo A energia restante: 51
2025-06-15 21:26:24,171 - Robo A energia restante: 50
2025-06-15 21:26:25,172 - Robo A energia restante: 49
2025-06-15 21:26:26,175 - Robo A energia restante: 48
2025-06-15 21:26:27,177 - Robo A energia restante: 47
2025-06-15 21:26:28,179 - Robo A energia restante: 46
2025-06-15 21:26:29,180 - Robo A energia restante: 45
2025-06-15 21:30:05,032 - Robo A criado com F=3, E=90, V=3
2025-06-15 21:30:06,065 - Robo A energia restante: 89
2025-06-15 21:30:07,066 - Robo A energia restante: 88
2025-06-15 21:30:08,067 - Robo A energia restante: 87
2025-06-15 21:30:09,068 - Robo A energia restante: 86
2025-06-15 21:30:10,068 - Robo A energia restante: 85
2025-06-15 21:30:11,069 - Robo A energia restante: 84
2025-06-15 21:30:12,070 - Robo A energia restante: 83
2025-06-15 21:30:13,071 - Robo A energia restante: 82
2025-06-15 21:30:14,072 - Robo A energia restante: 81
2025-06-15 21:30:18,003 - Robo A energia restante: 80
2025-06-15 21:30:19,004 - Robo A energia restante: 79
2025-06-15 21:30:20,005 - Robo A energia restante: 78
2025-06-15 21:30:21,006 - Robo A energia restante: 77
2025-06-15 21:30:22,007 - Robo A energia restante: 76
2025-06-15 21:30:23,008 - Robo A energia restante: 75
2025-06-15 21:30:24,009 - Robo A energia restante: 74
2025-06-15 21:30:25,010 - Robo A energia restante: 73
2025-06-15 21:30:26,012 - Robo A energia restante: 72
2025-06-15 21:30:27,013 - Robo A energia restante: 71
2025-06-15 21:30:28,014 - Robo A energia restante: 70
2025-06-15 21:30:29,016 - Robo A energia restante: 69
2025-06-15 21:35:52,409 - Robo A criado com F=7, E=41, V=5
2025-06-15 21:38:25,327 - Robo A criado com F=6, E=75, V=4
2025-06-15 21:43:08,563 - Robo A criado com F=6, E=71, V=1
2025-06-15 21:43:38,458 - Robo A criado com F=7, E=37, V=2
2025-06-15 21:43:38,637 - Robo A moveu de (1, 0) para (1, 2)
2025-06-15 21:43:39,353 - Robo A moveu de (1, 2) para (2, 2)
2025-06-15 21:43:39,490 - Robo A energia restante: 36
2025-06-15 21:43:40,031 - Robo A moveu de (2, 2) para (2, 1)
2025-06-15 21:43:40,491 - Robo A energia restante: 35
2025-06-15 21:43:40,687 - Robo A moveu de (2, 1) para (2, 3)
2025-06-15 21:43:41,492 - Robo A energia restante: 34
2025-06-15 21:43:42,493 - Robo A energia restante: 33
2025-06-15 21:43:43,495 - Robo A energia restante: 32
2025-06-15 21:43:44,497 - Robo A energia restante: 31
2025-06-15 21:43:45,498 - Robo A energia restante: 30
2025-06-15 21:43:55,023 - Robo A criado com F=2, E=60, V=1
2025-06-15 21:43:55,206 - Robo A moveu de (1, 0) para (2, 0)
2025-06-15 21:43:55,869 - Robo A moveu de (2, 0) para (1, 0)
2025-06-15 21:44:21,883 - Robo A criado com F=7, E=16, V=4
2025-06-15 21:47:19,394 - Robo A criado com F=7, E=100, V=2
2025-06-15 21:47:19,599 - Robo A moveu de (1, 0) para (2, 0)
2025-06-15 21:56:42,129 - Robo A criado com F=10, E=58, V=1
2025-06-15 21:56:42,366 - Robo A moveu de (1, 0) para (1, 1)
2025-06-15 21:56:43,184 - Robo A energia restante: 57
2025-06-15 21:56:44,185 - Robo A energia restante: 56
2025-06-15 21:56:45,186 - Robo A energia restante: 55
2025-06-15 21:56:46,187 - Robo A energia restante: 54
2025-06-15 21:56:47,188 - Robo A energia restante: 53
2025-06-15 21:56:48,189 - Robo A energia restante: 52
2025-06-15 21:56:49,190 - Robo A energia restante: 51
2025-06-15 21:56:50,190 - Robo A energia restante: 50
2025-06-15 21:56:51,191 - Robo A energia restante: 49
2025-06-15 21:56:52,192 - Robo A energia restante: 48
2025-06-15 21:56:53,194 - Robo A energia restante: 47
2025-06-15 21:56:54,196 - Robo A energia restante: 46
2025-06-15 21:56:55,196 - Robo A energia restante: 45
2025-06-15 21:56:56,197 - Robo A energia restante: 44
2025-06-15 21:56:57,198 - Robo A energia restante: 43
2025-06-15 21:56:58,198 - Robo A energia restante: 42
2025-06-15 21:56:59,200 - Robo A energia restante: 41
2025-06-15 21:57:00,201 - Robo A energia restante: 40
2025-06-15 21:57:01,202 - Robo A energia restante: 39
2025-06-15 21:57:02,204 - Robo A energia restante: 38
2025-06-15 21:57:03,206 - Robo A energia restante: 37
2025-06-15 21:57:04,208 - Robo A energia restante: 36
2025-06-15 21:57:05,210 - Robo A energia restante: 35
2025-06-15 21:57:06,211 - Robo A energia restante: 34
2025-06-15 21:57:07,212 - Robo A energia restante: 33
2025-06-15 21:57:08,213 - Robo A energia restante: 32
2025-06-15 21:57:09,214 - Robo A energia restante: 31
2025-06-15 21:57:10,215 - Robo A energia restante: 30
2025-06-15 21:57:14,151 - Robo A energia restante: 29
2025-06-15 21:57:15,151 - Robo A energia restante: 28
2025-06-15 21:57:16,152 - Robo A energia restante: 27
2025-06-15 21:57:17,153 - Robo A energia restante: 26
2025-06-15 21:57:57,967 - Robo A criado com F=8, E=39, V=4
2025-06-15 21:57:59,061 - Robo A energia restante: 38
2025-06-15 21:57:59,742 - Robo A moveu de (1, 0) para (1, 0)
2025-06-15 21:58:00,062 - Robo A energia restante: 37
2025-06-15 21:58:00,462 - Robo A moveu de (1, 0) para (3, 0)
2025-06-15 21:58:01,063 - Robo A energia restante: 36
2025-06-15 21:58:01,156 - Robo A moveu de (3, 0) para (2, 0)
2025-06-15 21:58:02,063 - Robo A energia restante: 35
2025-06-15 21:58:02,532 - Robo A moveu de (2, 0) para (2, 4)
2025-06-15 21:58:03,064 - Robo A energia restante: 34
2025-06-15 21:58:03,267 - Robo A moveu de (2, 4) para (1, 4)
2025-06-15 21:58:03,981 - Robo A moveu de (1, 4) para (0, 4)
2025-06-15 21:58:04,065 - Robo A energia restante: 33
2025-06-15 21:58:04,747 - Robo A moveu de (0, 4) para (0, 8)
2025-06-15 21:58:05,066 - Robo A energia restante: 32
2025-06-15 21:58:06,067 - Robo A energia restante: 31
2025-06-15 21:58:07,068 - Robo A energia restante: 30
2025-06-15 21:59:29,265 - Robo A criado com F=7, E=97, V=3
2025-06-15 21:59:30,308 - Robo A energia restante: 96
2025-06-15 21:59:31,309 - Robo A energia restante: 95
2025-06-15 21:59:35,248 - Robo A energia restante: 94
2025-06-15 21:59:36,249 - Robo A energia restante: 93
2025-06-15 21:59:37,249 - Robo A energia restante: 92
2025-06-15 21:59:38,250 - Robo A energia restante: 91
2025-06-15 21:59:39,251 - Robo A energia restante: 90
2025-06-15 22:03:56,338 - Robo A criado com F=10, E=29, V=5
2025-06-15 22:03:56,679 - Robo A moveu de (0, 0) para (0, 2)
2025-06-15 22:03:57,341 - Robo A moveu de (0, 2) para (5, 2)
2025-06-15 22:03:57,381 - Robo A energia restante: 28
2025-06-15 22:03:58,092 - Robo A moveu de (5, 2) para (6, 2)
2025-06-15 22:03:58,382 - Robo A energia restante: 27
2025-06-15 22:03:58,790 - Robo A moveu de (6, 2) para (6, 4)
2025-06-15 22:03:59,382 - Robo A energia restante: 26
2025-06-15 22:03:59,486 - Robo A moveu de (6, 4) para (6, 6)
2025-06-15 22:04:00,302 - Robo A moveu de (6, 6) para (6, 3)
2025-06-15 22:04:00,383 - Robo A energia restante: 25
2025-06-15 22:04:00,937 - Robo A moveu de (6, 3) para (11, 3)
2025-06-15 22:04:01,384 - Robo A energia restante: 24
2025-06-15 22:04:01,608 - Robo A moveu de (11, 3) para (10, 3)
2025-06-15 22:04:02,387 - Robo A moveu de (10, 3) para (10, 0)
2025-06-15 22:04:02,387 - Robo A energia restante: 23
2025-06-15 22:04:03,388 - Robo A energia restante: 22
2025-06-15 22:04:03,805 - Robo A moveu de (10, 0) para (10, 2)
2025-06-15 22:04:04,389 - Robo A energia restante: 21
2025-06-15 22:04:04,616 - Robo A moveu de (10, 2) para (10, 0)
2025-06-15 22:04:05,340 - Robo A moveu de (10, 0) para (12, 0)
2025-06-15 22:04:05,390 - Robo A energia restante: 20
2025-06-15 22:04:06,033 - Robo A moveu de (12, 0) para (17, 0)
2025-06-15 22:04:29,206 - Robo A criado com F=8, E=80, V=2
2025-06-15 22:04:30,261 - Robo A energia restante: 79
2025-06-15 22:04:31,262 - Robo A energia restante: 78
2025-06-15 22:04:31,570 - Robo A moveu de (1, 0) para (1, 1)
2025-06-15 22:04:32,263 - Robo A energia restante: 77
2025-06-15 22:04:32,295 - Robo A moveu de (1, 1) para (1, 3)
2025-06-15 22:04:32,968 - Robo A moveu de (1, 3) para (1, 1)
2025-06-15 22:04:33,264 - Robo A energia restante: 76
2025-06-15 22:04:33,605 - Robo A moveu de (1, 1) para (1, 3)
2025-06-15 22:04:34,265 - Robo A energia restante: 75
2025-06-15 22:04:35,265 - Robo A energia restante: 74
2025-06-15 22:04:36,266 - Robo A energia restante: 73
2025-06-15 22:04:37,267 - Robo A energia restante: 72
2025-06-15 22:04:38,267 - Robo A energia restante: 71
2025-06-15 22:04:39,268 - Robo A energia restante: 70
2025-06-15 22:04:40,269 - Robo A energia restante: 69
2025-06-15 22:04:41,270 - Robo A energia restante: 68
2025-06-15 22:04:42,270 - Robo A energia restante: 67
2025-06-15 22:04:43,271 - Robo A energia restante: 66
2025-06-15 22:04:44,272 - Robo A energia restante: 65
2025-06-15 22:04:45,273 - Robo A energia restante: 64
2025-06-15 22:04:46,273 - Robo A energia restante: 63
2025-06-15 22:07:01,442 - Robo A criado com F=6, E=19, V=5
2025-06-15 22:09:09,766 - Robo A criado com F=8, E=76, V=2
2025-06-15 22:09:10,819 - Robo A energia restante: 75
2025-06-15 22:09:11,820 - Robo A energia restante: 74
2025-06-15 22:09:12,821 - Robo A energia restante: 73
2025-06-15 22:09:13,823 - Robo A energia restante: 72
2025-06-15 22:09:14,826 - Robo A energia restante: 71
2025-06-15 22:09:23,267 - Robo A criado com F=1, E=20, V=3
2025-06-15 22:09:23,558 - Robo A moveu de (1, 0) para (1, 2)
2025-06-15 22:09:24,241 - Robo A moveu de (1, 2) para (0, 2)
2025-06-15 22:09:24,321 - Robo A energia restante: 19
2025-06-15 22:09:25,322 - Robo A energia restante: 18
2025-06-15 22:09:25,673 - Robo A moveu de (0, 2) para (3, 2)
2025-06-15 22:10:10,571 - Robo A criado com F=5, E=92, V=4
2025-06-15 22:10:11,569 - Robo A moveu de (1, 0) para (1, 1)
2025-06-15 22:10:11,621 - Robo A energia restante: 91
2025-06-15 22:10:12,331 - Robo A moveu de (1, 1) para (1, 0)
2025-06-15 22:10:12,622 - Robo A energia restante: 90
2025-06-15 22:10:12,967 - Robo A moveu de (1, 0) para (4, 0)
2025-06-15 22:10:13,623 - Robo A energia restante: 89
2025-06-15 22:10:14,623 - Robo A energia restante: 88
2025-06-15 22:10:15,624 - Robo A energia restante: 87
2025-06-15 22:10:16,624 - Robo A energia restante: 86
2025-06-15 22:10:17,625 - Robo A energia restante: 85
2025-06-15 22:10:18,626 - Robo A energia restante: 84
2025-06-15 22:10:19,626 - Robo A energia restante: 83
2025-06-15 22:10:20,627 - Robo A energia restante: 82
2025-06-15 22:10:21,628 - Robo A energia restante: 81
2025-06-15 22:10:22,629 - Robo A energia restante: 80
