2025-06-15 18:59:05,120 - Robo X criado com F=4, E=78, V=2
2025-06-15 18:59:05,166 - X tentando battery_mutex
2025-06-15 18:59:05,166 - X obteve battery_mutex
2025-06-15 18:59:05,167 - X tentando grid_mutex
2025-06-15 18:59:06,141 - Robo X energia restante: 77
2025-06-15 18:59:10,078 - Robo X energia restante: 76
2025-06-15 18:59:11,080 - Robo X energia restante: 75
2025-06-15 18:59:14,102 - Robo X criado com F=9, E=12, V=4
2025-06-15 18:59:14,147 - X tentando battery_mutex
2025-06-15 18:59:14,148 - X obteve battery_mutex
2025-06-15 18:59:14,148 - X tentando grid_mutex
2025-06-15 18:59:15,124 - Robo X energia restante: 11
2025-06-15 18:59:16,125 - Robo X energia restante: 10
2025-06-15 18:59:17,127 - Robo X energia restante: 9
2025-06-15 18:59:18,128 - Robo X energia restante: 8
2025-06-15 18:59:19,130 - Robo X energia restante: 7
2025-06-15 18:59:20,132 - Robo X energia restante: 6
2025-06-15 18:59:21,132 - Robo X energia restante: 5
2025-06-15 18:59:22,134 - Robo X energia restante: 4
2025-06-15 18:59:23,136 - Robo X energia restante: 3
2025-06-15 18:59:24,137 - Robo X energia restante: 2
2025-06-15 18:59:25,139 - Robo X energia restante: 1
2025-06-15 18:59:26,141 - Robo X energia restante: 0
