2025-06-15 19:06:23,975 - X posicionado em (0, 0)
2025-06-15 19:06:23,975 - X aguardando na barreira...
2025-06-15 19:06:23,977 - X tentando battery_mutex (3, 3)
2025-06-15 19:06:23,977 - X obteve battery_mutex (3, 3)
2025-06-15 19:06:24,978 - X tentando grid_mutex
2025-06-15 19:10:24,193 - X posicionado em (0, 0)
2025-06-15 19:10:24,194 - X aguardando na barreira...
2025-06-15 19:10:24,195 - X tentando battery_mutex (3, 3)
2025-06-15 19:10:24,195 - X obteve battery_mutex (3, 3)
2025-06-15 19:10:25,196 - X tentando grid_mutex
2025-06-15 19:11:14,134 - X posicionado em (0, 0)
2025-06-15 19:11:14,134 - X aguardando na barreira...
2025-06-15 19:11:14,136 - X tentando battery_mutex (3, 3)
2025-06-15 19:11:14,136 - X obteve battery_mutex (3, 3)
2025-06-15 19:11:15,137 - X tentando grid_mutex
2025-06-15 19:11:20,237 - X posicionado em (0, 0)
2025-06-15 19:11:20,238 - X aguardando na barreira...
2025-06-15 19:11:20,238 - X tentando battery_mutex (3, 3)
2025-06-15 19:11:20,239 - X obteve battery_mutex (3, 3)
2025-06-15 19:11:21,240 - X tentando grid_mutex
2025-06-15 19:11:58,210 - X posicionado em (0, 0)
2025-06-15 19:11:58,211 - X aguardando na barreira...
2025-06-15 19:11:58,211 - X tentando battery_mutex (3, 3)
2025-06-15 19:11:58,212 - X obteve battery_mutex (3, 3)
2025-06-15 19:11:59,213 - X tentando grid_mutex
2025-06-15 19:13:42,197 - X posicionado em (0, 0)
2025-06-15 19:13:42,198 - X aguardando na barreira...
2025-06-15 19:13:42,200 - X tentando battery_mutex (3, 3)
2025-06-15 19:13:42,200 - X obteve battery_mutex (3, 3)
2025-06-15 19:13:43,201 - X tentando grid_mutex
2025-06-15 19:13:54,587 - X posicionado em (0, 0)
2025-06-15 19:13:54,587 - X aguardando na barreira...
2025-06-15 19:13:54,588 - X tentando battery_mutex (3, 3)
2025-06-15 19:13:54,588 - X obteve battery_mutex (3, 3)
2025-06-15 19:13:55,589 - X tentando grid_mutex
2025-06-15 19:17:30,880 - X posicionado em (2, 3)
2025-06-15 19:17:30,881 - X aguardando na barreira...
2025-06-15 19:17:30,882 - X tentando battery_mutex (3, 3)
2025-06-15 19:17:30,882 - X obteve battery_mutex (3, 3)
2025-06-15 19:17:31,883 - X tentando grid_mutex
2025-06-15 19:39:09,319 - X posicionado em (2, 3)
2025-06-15 19:39:09,319 - X aguardando na barreira...
2025-06-15 19:39:09,321 - X tentando battery_mutex (3, 3)
2025-06-15 19:39:09,321 - X obteve battery_mutex (3, 3)
2025-06-15 19:39:10,322 - X tentando grid_mutex
2025-06-15 19:40:39,475 - X posicionado em (2, 3)
2025-06-15 19:40:39,475 - X aguardando na barreira...
2025-06-15 19:40:39,477 - X tentando battery_mutex (3, 3)
2025-06-15 19:40:39,477 - X obteve battery_mutex (3, 3)
2025-06-15 19:40:40,477 - X tentando grid_mutex
2025-06-15 19:44:06,903 - X posicionado em (2, 3)
2025-06-15 19:44:06,904 - X aguardando na barreira...
2025-06-15 19:44:06,904 - X tentando battery_mutex (3, 3)
2025-06-15 19:44:06,905 - X obteve battery_mutex (3, 3)
2025-06-15 19:44:07,906 - X tentando grid_mutex
2025-06-15 19:47:17,151 - X posicionado em (2, 3)
2025-06-15 19:47:17,152 - X aguardando na barreira...
2025-06-15 19:47:17,153 - X tentando battery_mutex (3, 3)
2025-06-15 19:47:17,153 - X obteve battery_mutex (3, 3)
2025-06-15 19:47:18,154 - X tentando grid_mutex
2025-06-15 19:49:02,878 - X posicionado em (2, 3)
2025-06-15 19:49:02,879 - X aguardando na barreira...
2025-06-15 19:49:02,880 - X tentando battery_mutex (3, 3)
2025-06-15 19:49:02,880 - X obteve battery_mutex (3, 3)
2025-06-15 19:49:03,882 - X tentando grid_mutex
2025-06-15 19:50:55,086 - X posicionado em (2, 3)
2025-06-15 19:50:55,087 - X aguardando na barreira...
2025-06-15 19:50:55,088 - X tentando battery_mutex (3, 3)
2025-06-15 19:50:55,089 - X obteve battery_mutex (3, 3)
2025-06-15 19:50:56,090 - X tentando grid_mutex
2025-06-15 19:55:18,961 - X posicionado em (2, 3)
2025-06-15 19:55:18,962 - X aguardando na barreira...
2025-06-15 19:55:18,966 - X tentando battery_mutex (3, 3)
2025-06-15 19:55:18,966 - X obteve battery_mutex (3, 3)
2025-06-15 19:55:19,968 - X tentando grid_mutex
2025-06-15 19:56:49,837 - X posicionado em (2, 3)
2025-06-15 19:56:49,838 - X aguardando na barreira...
2025-06-15 19:56:49,840 - X tentando battery_mutex (3, 3)
2025-06-15 19:56:49,841 - X obteve battery_mutex (3, 3)
2025-06-15 19:56:50,842 - X tentando grid_mutex
2025-06-15 20:13:38,986 - X posicionado em (2, 3)
2025-06-15 20:13:38,987 - X aguardando na barreira...
2025-06-15 20:13:38,989 - X tentando battery_mutex (3, 3)
2025-06-15 20:13:38,989 - X obteve battery_mutex (3, 3)
2025-06-15 20:13:39,991 - X tentando grid_mutex
2025-06-15 20:20:15,967 - X posicionado em (2, 3)
2025-06-15 20:20:15,967 - X aguardando na barreira...
2025-06-15 20:20:15,969 - X tentando battery_mutex (3, 3)
2025-06-15 20:20:15,970 - X obteve battery_mutex (3, 3)
2025-06-15 20:20:16,971 - X tentando grid_mutex
